<?xml version="1.0" encoding="UTF-8"?>
<!-- Generated by org.testng.reporters.JUnitReportReporter -->
<testsuite hostname="DESKTOP-RU743KT" failures="0" tests="1" name="com.learning.seleniumjava.HomePage" time="10.195" errors="0" timestamp="2021-12-28T15:06:31 IST" skipped="0">
  <testcase classname="com.learning.seleniumjava.HomePage" name="basePageNavigation" time="10.195"/>
  <system-out/>
</testsuite> <!-- com.learning.seleniumjava.HomePage -->
